#options: 320x240 fps=25000/1001 cabac=1 ref=4 deblock=1:0:0 analyse=0x3:0x133 me=umh subme=6 brdo=0 mixed_ref=0 me_range=16 chroma_me=1 trellis=0 8x8dct=1 cqm=0 deadzone=21,11 chroma_qp_offset=0 threads=1 nr=0 decimate=1 mbaff=0 bframes=3 b_pyramid=1 b_adapt=1 b_bias=0 direct=1 wpredb=1 bime=0 keyint=250 keyint_min=25 scenecut=40 rc=abr bitrate=8000 ratetol=1.0 rceq='blurCplx^(1-qComp)' qcomp=1.00 qpmin=10 qpmax=51 qpstep=4 ip_ratio=1.40 pb_ratio=1.30 aq=2:1.00
in:0 out:0 type:I q:10.00 itex:3376 ptex:0 mv:378 misc:4822 imb:300 pmb:0 smb:0 d:-;
in:1 out:1 type:P q:10.00 itex:19 ptex:4570 mv:1420 misc:207 imb:8 pmb:31 smb:261 d:-;
in:2 out:2 type:P q:10.00 itex:35 ptex:5364 mv:1794 misc:215 imb:16 pmb:34 smb:250 d:-;
in:3 out:3 type:P q:10.00 itex:739 ptex:7322 mv:2166 misc:245 imb:32 pmb:28 smb:240 d:-;
in:4 out:4 type:P q:10.00 itex:0 ptex:1555 mv:59 misc:226 imb:0 pmb:16 smb:284 d:-;
in:8 out:5 type:P q:10.00 itex:0 ptex:3584 mv:161 misc:223 imb:0 pmb:22 smb:278 d:-;
in:6 out:6 type:B q:11.00 itex:0 ptex:1024 mv:138 misc:182 imb:0 pmb:14 smb:282 d:-;
in:5 out:7 type:b q:12.00 itex:0 ptex:60 mv:55 misc:197 imb:0 pmb:13 smb:287 d:-;
in:7 out:8 type:b q:12.00 itex:0 ptex:327 mv:139 misc:198 imb:0 pmb:13 smb:284 d:-;
in:9 out:9 type:P q:10.00 itex:0 ptex:1028 mv:118 misc:246 imb:0 pmb:11 smb:289 d:-;
in:10 out:10 type:P q:10.00 itex:0 ptex:1806 mv:64 misc:226 imb:0 pmb:18 smb:282 d:-;
in:11 out:11 type:P q:10.00 itex:0 ptex:1485 mv:118 misc:237 imb:0 pmb:21 smb:279 d:-;
in:12 out:12 type:P q:10.00 itex:0 ptex:1239 mv:80 misc:225 imb:0 pmb:14 smb:286 d:-;
in:13 out:13 type:P q:10.00 itex:0 ptex:2034 mv:181 misc:217 imb:0 pmb:20 smb:280 d:-;
in:14 out:14 type:P q:10.00 itex:0 ptex:2037 mv:102 misc:221 imb:0 pmb:18 smb:282 d:-;
in:15 out:15 type:P q:10.00 itex:0 ptex:1838 mv:109 misc:237 imb:0 pmb:22 smb:278 d:-;
in:16 out:16 type:P q:10.00 itex:0 ptex:2777 mv:248 misc:223 imb:0 pmb:22 smb:278 d:-;
in:17 out:17 type:P q:10.00 itex:0 ptex:1737 mv:77 misc:234 imb:0 pmb:20 smb:280 d:-;
in:18 out:18 type:P q:10.00 itex:0 ptex:2863 mv:192 misc:217 imb:0 pmb:23 smb:277 d:-;
in:19 out:19 type:P q:10.00 itex:0 ptex:1810 mv:104 misc:222 imb:0 pmb:19 smb:281 d:-;
in:20 out:20 type:P q:10.00 itex:0 ptex:2918 mv:163 misc:215 imb:0 pmb:23 smb:277 d:-;
in:21 out:21 type:P q:10.00 itex:0 ptex:2459 mv:130 misc:227 imb:0 pmb:18 smb:282 d:-;
in:22 out:22 type:P q:10.00 itex:0 ptex:2873 mv:168 misc:223 imb:0 pmb:22 smb:278 d:-;
in:23 out:23 type:P q:10.00 itex:0 ptex:2782 mv:177 misc:233 imb:0 pmb:20 smb:280 d:-;
in:24 out:24 type:P q:10.00 itex:0 ptex:2453 mv:199 misc:220 imb:0 pmb:22 smb:278 d:-;
in:25 out:25 type:P q:10.00 itex:0 ptex:2488 mv:156 misc:220 imb:0 pmb:21 smb:279 d:-;
in:26 out:26 type:P q:10.00 itex:0 ptex:2507 mv:173 misc:208 imb:0 pmb:22 smb:278 d:-;
in:27 out:27 type:P q:10.00 itex:0 ptex:3616 mv:170 misc:222 imb:0 pmb:22 smb:278 d:-;
in:28 out:28 type:P q:10.00 itex:0 ptex:2153 mv:144 misc:231 imb:0 pmb:20 smb:280 d:-;
in:29 out:29 type:P q:10.00 itex:0 ptex:2978 mv:275 misc:219 imb:0 pmb:25 smb:275 d:-;
in:30 out:30 type:P q:10.00 itex:0 ptex:3227 mv:239 misc:222 imb:0 pmb:24 smb:276 d:-;
in:31 out:31 type:P q:10.00 itex:0 ptex:3305 mv:209 misc:230 imb:0 pmb:26 smb:274 d:-;
in:32 out:32 type:P q:10.00 itex:0 ptex:2781 mv:199 misc:228 imb:0 pmb:21 smb:279 d:-;
in:33 out:33 type:P q:10.00 itex:0 ptex:3470 mv:157 misc:213 imb:0 pmb:27 smb:273 d:-;
in:37 out:34 type:P q:10.00 itex:6 ptex:4113 mv:479 misc:234 imb:2 pmb:32 smb:266 d:-;
in:35 out:35 type:B q:11.00 itex:0 ptex:2590 mv:211 misc:183 imb:0 pmb:16 smb:278 d:-;
in:34 out:36 type:b q:12.00 itex:0 ptex:1647 mv:200 misc:193 imb:0 pmb:20 smb:277 d:-;
in:36 out:37 type:b q:12.00 itex:0 ptex:1734 mv:212 misc:182 imb:0 pmb:11 smb:280 d:-;
in:38 out:38 type:P q:10.00 itex:0 ptex:3135 mv:155 misc:238 imb:0 pmb:23 smb:277 d:-;
in:42 out:39 type:P q:10.00 itex:3 ptex:4849 mv:543 misc:245 imb:1 pmb:34 smb:265 d:-;
in:40 out:40 type:B q:11.00 itex:0 ptex:2919 mv:264 misc:185 imb:0 pmb:18 smb:276 d:-;
in:39 out:41 type:b q:12.00 itex:0 ptex:1803 mv:144 misc:189 imb:0 pmb:22 smb:276 d:-;
in:41 out:42 type:b q:12.00 itex:0 ptex:2036 mv:155 misc:177 imb:0 pmb:19 smb:278 d:-;
in:46 out:43 type:P q:10.00 itex:0 ptex:4865 mv:489 misc:254 imb:0 pmb:37 smb:263 d:-;
in:44 out:44 type:B q:11.00 itex:0 ptex:3085 mv:373 misc:182 imb:0 pmb:21 smb:270 d:-;
in:43 out:45 type:b q:12.00 itex:0 ptex:1975 mv:165 misc:196 imb:0 pmb:19 smb:279 d:-;
in:45 out:46 type:b q:12.00 itex:0 ptex:2449 mv:205 misc:178 imb:0 pmb:25 smb:271 d:-;
in:50 out:47 type:P q:10.00 itex:0 ptex:5249 mv:462 misc:249 imb:0 pmb:38 smb:262 d:-;
in:48 out:48 type:B q:11.00 itex:0 ptex:3294 mv:427 misc:175 imb:0 pmb:20 smb:270 d:-;
in:47 out:49 type:b q:12.00 itex:0 ptex:2225 mv:225 misc:190 imb:0 pmb:24 smb:274 d:-;
in:49 out:50 type:b q:12.00 itex:0 ptex:2313 mv:245 misc:186 imb:0 pmb:26 smb:271 d:-;
in:51 out:51 type:P q:10.00 itex:0 ptex:4164 mv:303 misc:253 imb:0 pmb:32 smb:268 d:-;
in:55 out:52 type:P q:10.00 itex:0 ptex:5932 mv:451 misc:241 imb:0 pmb:39 smb:261 d:-;
in:53 out:53 type:B q:11.00 itex:0 ptex:3603 mv:412 misc:169 imb:0 pmb:27 smb:269 d:-;
in:52 out:54 type:b q:12.00 itex:0 ptex:2762 mv:170 misc:180 imb:0 pmb:30 smb:270 d:-;
in:54 out:55 type:b q:12.00 itex:0 ptex:2875 mv:316 misc:177 imb:0 pmb:20 smb:271 d:-;
in:59 out:56 type:P q:10.00 itex:0 ptex:6090 mv:502 misc:248 imb:0 pmb:41 smb:259 d:-;
in:57 out:57 type:B q:11.00 itex:0 ptex:4144 mv:458 misc:174 imb:0 pmb:26 smb:267 d:-;
in:56 out:58 type:b q:12.00 itex:0 ptex:2728 mv:404 misc:180 imb:0 pmb:18 smb:270 d:-;
in:58 out:59 type:b q:12.00 itex:0 ptex:3228 mv:283 misc:177 imb:0 pmb:27 smb:270 d:-;
in:63 out:60 type:P q:10.00 itex:0 ptex:6671 mv:564 misc:245 imb:0 pmb:41 smb:259 d:-;
in:61 out:61 type:B q:11.00 itex:0 ptex:4430 mv:612 misc:174 imb:0 pmb:18 smb:269 d:-;
in:60 out:62 type:b q:12.00 itex:0 ptex:3093 mv:413 misc:190 imb:0 pmb:21 smb:272 d:-;
in:62 out:63 type:b q:12.00 itex:0 ptex:3644 mv:318 misc:182 imb:0 pmb:25 smb:270 d:-;
in:67 out:64 type:P q:10.00 itex:0 ptex:6579 mv:687 misc:254 imb:0 pmb:41 smb:259 d:-;
in:65 out:65 type:B q:11.00 itex:0 ptex:4798 mv:459 misc:183 imb:0 pmb:25 smb:268 d:-;
in:64 out:66 type:b q:12.00 itex:0 ptex:3643 mv:446 misc:191 imb:0 pmb:26 smb:269 d:-;
in:66 out:67 type:b q:12.00 itex:0 ptex:4109 mv:420 misc:175 imb:0 pmb:23 smb:269 d:-;
in:71 out:68 type:P q:10.00 itex:0 ptex:7441 mv:719 misc:248 imb:0 pmb:46 smb:254 d:-;
in:69 out:69 type:B q:11.00 itex:0 ptex:5167 mv:471 misc:178 imb:0 pmb:26 smb:269 d:-;
in:68 out:70 type:b q:12.00 itex:0 ptex:4275 mv:487 misc:182 imb:0 pmb:21 smb:268 d:-;
in:70 out:71 type:b q:12.00 itex:0 ptex:4631 mv:464 misc:177 imb:0 pmb:21 smb:270 d:-;
in:75 out:72 type:P q:10.00 itex:0 ptex:7816 mv:750 misc:242 imb:0 pmb:40 smb:260 d:-;
in:73 out:73 type:B q:11.00 itex:0 ptex:5655 mv:600 misc:177 imb:0 pmb:24 smb:268 d:-;
in:72 out:74 type:b q:12.00 itex:0 ptex:4523 mv:594 misc:187 imb:0 pmb:20 smb:269 d:-;
in:74 out:75 type:b q:12.00 itex:3 ptex:4853 mv:447 misc:177 imb:1 pmb:20 smb:271 d:-;
in:79 out:76 type:P q:10.00 itex:0 ptex:8092 mv:892 misc:256 imb:0 pmb:45 smb:255 d:-;
in:77 out:77 type:B q:11.00 itex:4 ptex:6016 mv:625 misc:187 imb:1 pmb:24 smb:265 d:-;
in:76 out:78 type:b q:12.00 itex:0 ptex:4722 mv:671 misc:191 imb:0 pmb:22 smb:268 d:-;
in:78 out:79 type:b q:12.00 itex:0 ptex:5291 mv:655 misc:190 imb:0 pmb:22 smb:265 d:-;
in:83 out:80 type:P q:10.00 itex:0 ptex:8469 mv:1138 misc:249 imb:0 pmb:44 smb:256 d:-;
in:81 out:81 type:B q:11.00 itex:0 ptex:6555 mv:733 misc:176 imb:0 pmb:23 smb:265 d:-;
in:80 out:82 type:b q:12.00 itex:0 ptex:5269 mv:658 misc:185 imb:0 pmb:23 smb:267 d:-;
in:82 out:83 type:b q:12.00 itex:0 ptex:5747 mv:576 misc:173 imb:0 pmb:23 smb:267 d:-;
in:87 out:84 type:P q:10.00 itex:0 ptex:9200 mv:1067 misc:253 imb:0 pmb:47 smb:253 d:-;
in:85 out:85 type:B q:11.00 itex:0 ptex:7284 mv:745 misc:179 imb:0 pmb:27 smb:263 d:-;
in:84 out:86 type:b q:12.00 itex:0 ptex:5964 mv:696 misc:188 imb:0 pmb:18 smb:268 d:-;
in:86 out:87 type:b q:12.00 itex:0 ptex:6478 mv:685 misc:173 imb:0 pmb:23 smb:265 d:-;
in:91 out:88 type:P q:10.00 itex:3 ptex:9241 mv:1504 misc:244 imb:1 pmb:45 smb:254 d:-;
in:89 out:89 type:B q:11.00 itex:0 ptex:7515 mv:906 misc:179 imb:0 pmb:23 smb:265 d:-;
in:88 out:90 type:b q:12.00 itex:0 ptex:6542 mv:769 misc:185 imb:0 pmb:23 smb:265 d:-;
in:90 out:91 type:b q:12.00 itex:0 ptex:6506 mv:779 misc:179 imb:0 pmb:27 smb:266 d:-;
in:95 out:92 type:P q:10.00 itex:0 ptex:10564 mv:1417 misc:243 imb:0 pmb:48 smb:252 d:-;
in:93 out:93 type:B q:11.00 itex:4 ptex:8466 mv:922 misc:184 imb:1 pmb:28 smb:262 d:-;
in:92 out:94 type:b q:12.00 itex:0 ptex:6591 mv:810 misc:191 imb:0 pmb:24 smb:266 d:-;
in:94 out:95 type:b q:12.00 itex:0 ptex:7187 mv:701 misc:192 imb:0 pmb:28 smb:264 d:-;
in:99 out:96 type:P q:10.00 itex:0 ptex:11675 mv:1518 misc:263 imb:0 pmb:50 smb:250 d:-;
in:97 out:97 type:B q:11.00 itex:0 ptex:8864 mv:1018 misc:182 imb:0 pmb:26 smb:260 d:-;
in:96 out:98 type:b q:12.00 itex:0 ptex:6850 mv:843 misc:195 imb:0 pmb:28 smb:264 d:-;
in:98 out:99 type:b q:12.00 itex:0 ptex:7739 mv:980 misc:193 imb:0 pmb:22 smb:264 d:-;
in:103 out:100 type:P q:10.00 itex:0 ptex:12824 mv:1382 misc:258 imb:0 pmb:52 smb:248 d:-;
in:101 out:101 type:B q:11.00 itex:0 ptex:9768 mv:1137 misc:191 imb:0 pmb:29 smb:258 d:-;
in:100 out:102 type:b q:12.00 itex:0 ptex:7923 mv:988 misc:193 imb:0 pmb:22 smb:264 d:-;
in:102 out:103 type:b q:12.00 itex:0 ptex:8538 mv:1019 misc:187 imb:0 pmb:25 smb:260 d:-;
in:107 out:104 type:P q:10.00 itex:4 ptex:12557 mv:1620 misc:259 imb:1 pmb:49 smb:250 d:-;
in:105 out:105 type:B q:11.00 itex:0 ptex:10058 mv:1379 misc:179 imb:0 pmb:23 smb:257 d:-;
in:104 out:106 type:b q:12.00 itex:0 ptex:8702 mv:928 misc:194 imb:0 pmb:29 smb:261 d:-;
in:106 out:107 type:b q:12.00 itex:0 ptex:9106 mv:1108 misc:186 imb:0 pmb:31 smb:258 d:-;
in:111 out:108 type:P q:10.00 itex:0 ptex:13548 mv:1773 misc:255 imb:0 pmb:56 smb:244 d:-;
in:109 out:109 type:B q:11.00 itex:0 ptex:10431 mv:1270 misc:187 imb:0 pmb:28 smb:256 d:-;
in:108 out:110 type:b q:12.00 itex:0 ptex:8981 mv:1239 misc:196 imb:0 pmb:26 smb:258 d:-;
in:110 out:111 type:b q:12.00 itex:0 ptex:9794 mv:1143 misc:183 imb:0 pmb:33 smb:258 d:-;
in:115 out:112 type:P q:10.00 itex:0 ptex:13953 mv:1802 misc:253 imb:0 pmb:57 smb:243 d:-;
in:113 out:113 type:B q:11.00 itex:0 ptex:10975 mv:1486 misc:179 imb:0 pmb:25 smb:254 d:-;
in:112 out:114 type:b q:12.00 itex:3 ptex:9512 mv:1163 misc:194 imb:1 pmb:31 smb:254 d:-;
in:114 out:115 type:b q:12.00 itex:0 ptex:10138 mv:1318 misc:184 imb:0 pmb:31 smb:253 d:-;
in:119 out:116 type:P q:10.00 itex:0 ptex:14544 mv:1837 misc:259 imb:0 pmb:57 smb:243 d:-;
in:117 out:117 type:B q:11.00 itex:0 ptex:11711 mv:1559 misc:186 imb:0 pmb:30 smb:253 d:-;
in:116 out:118 type:b q:12.00 itex:0 ptex:10241 mv:1281 misc:190 imb:0 pmb:31 smb:254 d:-;
in:118 out:119 type:b q:12.00 itex:0 ptex:9564 mv:1335 misc:189 imb:0 pmb:33 smb:252 d:-;
in:123 out:120 type:P q:10.00 itex:0 ptex:15103 mv:2268 misc:253 imb:0 pmb:58 smb:242 d:-;
in:121 out:121 type:B q:11.00 itex:0 ptex:11732 mv:1625 misc:195 imb:0 pmb:31 smb:248 d:-;
in:120 out:122 type:b q:12.00 itex:0 ptex:10591 mv:1401 misc:192 imb:0 pmb:34 smb:250 d:-;
in:122 out:123 type:b q:12.00 itex:0 ptex:10288 mv:1562 misc:182 imb:0 pmb:30 smb:251 d:-;
in:127 out:124 type:P q:10.00 itex:120 ptex:16731 mv:2022 misc:247 imb:1 pmb:63 smb:236 d:-;
in:125 out:125 type:B q:11.00 itex:0 ptex:13054 mv:1663 misc:187 imb:0 pmb:36 smb:246 d:-;
in:124 out:126 type:b q:12.00 itex:0 ptex:11031 mv:1787 misc:198 imb:0 pmb:34 smb:248 d:-;
in:126 out:127 type:b q:12.00 itex:0 ptex:11719 mv:1787 misc:190 imb:0 pmb:32 smb:247 d:-;
in:131 out:128 type:P q:10.00 itex:0 ptex:17504 mv:2434 misc:254 imb:0 pmb:65 smb:235 d:-;
in:129 out:129 type:B q:11.00 itex:0 ptex:13572 mv:1805 misc:191 imb:0 pmb:36 smb:243 d:-;
in:128 out:130 type:b q:12.00 itex:0 ptex:12128 mv:1818 misc:198 imb:0 pmb:34 smb:246 d:-;
in:130 out:131 type:b q:12.00 itex:0 ptex:11903 mv:1842 misc:191 imb:0 pmb:31 smb:242 d:-;
in:135 out:132 type:P q:10.00 itex:3 ptex:18472 mv:2419 misc:250 imb:1 pmb:64 smb:235 d:-;
in:133 out:133 type:B q:11.00 itex:0 ptex:13412 mv:2063 misc:181 imb:0 pmb:34 smb:242 d:-;
in:132 out:134 type:b q:12.00 itex:0 ptex:11677 mv:1722 misc:193 imb:0 pmb:33 smb:245 d:-;
in:134 out:135 type:b q:12.00 itex:0 ptex:11876 mv:1745 misc:195 imb:0 pmb:33 smb:245 d:-;
in:139 out:136 type:P q:10.00 itex:633 ptex:17950 mv:3710 misc:251 imb:2 pmb:76 smb:222 d:-;
in:137 out:137 type:B q:11.00 itex:0 ptex:14495 mv:2285 misc:188 imb:0 pmb:42 smb:234 d:-;
in:136 out:138 type:b q:12.00 itex:0 ptex:12246 mv:2105 misc:201 imb:0 pmb:34 smb:242 d:-;
in:138 out:139 type:b q:12.00 itex:3 ptex:13236 mv:1903 misc:202 imb:1 pmb:40 smb:236 d:-;
in:143 out:140 type:P q:10.00 itex:0 ptex:18451 mv:3270 misc:255 imb:0 pmb:78 smb:222 d:-;
in:141 out:141 type:B q:11.00 itex:0 ptex:15168 mv:2439 misc:185 imb:0 pmb:35 smb:233 d:-;
in:140 out:142 type:b q:12.00 itex:0 ptex:13186 mv:2162 misc:196 imb:0 pmb:34 smb:236 d:-;
in:142 out:143 type:b q:12.00 itex:0 ptex:14167 mv:2025 misc:184 imb:0 pmb:39 smb:234 d:-;
in:147 out:144 type:P q:10.00 itex:4 ptex:20237 mv:3759 misc:256 imb:1 pmb:81 smb:218 d:-;
in:145 out:145 type:B q:11.00 itex:0 ptex:16513 mv:2672 misc:199 imb:0 pmb:42 smb:230 d:-;
in:144 out:146 type:b q:12.00 itex:0 ptex:13061 mv:2394 misc:209 imb:0 pmb:36 smb:231 d:-;
in:146 out:147 type:b q:12.00 itex:0 ptex:14646 mv:2237 misc:181 imb:0 pmb:45 smb:227 d:-;
in:151 out:148 type:P q:10.00 itex:3 ptex:20949 mv:4119 misc:249 imb:1 pmb:84 smb:215 d:-;
in:149 out:149 type:B q:11.00 itex:0 ptex:17722 mv:2638 misc:184 imb:0 pmb:41 smb:225 d:-;
in:148 out:150 type:b q:12.00 itex:0 ptex:14012 mv:2554 misc:186 imb:0 pmb:41 smb:226 d:-;
in:150 out:151 type:b q:12.00 itex:0 ptex:15356 mv:2721 misc:179 imb:0 pmb:41 smb:225 d:-;
in:155 out:152 type:P q:10.00 itex:827 ptex:21606 mv:4093 misc:266 imb:1 pmb:88 smb:211 d:-;
in:153 out:153 type:B q:11.00 itex:0 ptex:19346 mv:2878 misc:192 imb:0 pmb:38 smb:224 d:-;
in:152 out:154 type:b q:12.00 itex:0 ptex:14545 mv:2525 misc:202 imb:0 pmb:40 smb:227 d:-;
in:154 out:155 type:b q:12.00 itex:0 ptex:15460 mv:2639 misc:189 imb:0 pmb:47 smb:220 d:-;
in:159 out:156 type:P q:10.00 itex:764 ptex:22334 mv:4377 misc:253 imb:1 pmb:93 smb:206 d:-;
in:157 out:157 type:B q:11.00 itex:0 ptex:18294 mv:2942 misc:188 imb:0 pmb:44 smb:217 d:-;
in:156 out:158 type:b q:12.00 itex:0 ptex:15738 mv:2973 misc:201 imb:0 pmb:32 smb:219 d:-;
in:158 out:159 type:b q:12.00 itex:0 ptex:16494 mv:2740 misc:190 imb:0 pmb:43 smb:216 d:-;
in:163 out:160 type:P q:10.00 itex:289 ptex:23914 mv:4914 misc:251 imb:2 pmb:93 smb:205 d:-;
in:161 out:161 type:B q:11.00 itex:4 ptex:19787 mv:3469 misc:188 imb:1 pmb:36 smb:216 d:-;
in:160 out:162 type:b q:12.00 itex:0 ptex:17204 mv:2893 misc:199 imb:0 pmb:39 smb:219 d:-;
in:162 out:163 type:b q:12.00 itex:0 ptex:16457 mv:2885 misc:194 imb:0 pmb:43 smb:216 d:-;
in:167 out:164 type:P q:10.00 itex:0 ptex:25339 mv:4943 misc:254 imb:0 pmb:102 smb:198 d:-;
in:165 out:165 type:B q:11.00 itex:0 ptex:20561 mv:3612 misc:187 imb:0 pmb:45 smb:210 d:-;
in:164 out:166 type:b q:12.00 itex:0 ptex:16763 mv:2928 misc:189 imb:0 pmb:56 smb:211 d:-;
in:166 out:167 type:b q:12.00 itex:0 ptex:17447 mv:2980 misc:197 imb:0 pmb:48 smb:212 d:-;
in:171 out:168 type:P q:10.00 itex:0 ptex:24568 mv:4734 misc:258 imb:0 pmb:102 smb:198 d:-;
in:169 out:169 type:B q:11.00 itex:0 ptex:21252 mv:3675 misc:185 imb:0 pmb:47 smb:208 d:-;
in:168 out:170 type:b q:12.00 itex:0 ptex:17798 mv:3211 misc:207 imb:0 pmb:48 smb:210 d:-;
in:170 out:171 type:b q:12.00 itex:0 ptex:18200 mv:3316 misc:204 imb:0 pmb:41 smb:213 d:-;
in:175 out:172 type:P q:10.00 itex:0 ptex:24570 mv:5868 misc:250 imb:0 pmb:105 smb:195 d:-;
in:173 out:173 type:B q:11.00 itex:0 ptex:21755 mv:3671 misc:182 imb:0 pmb:42 smb:205 d:-;
in:172 out:174 type:b q:12.00 itex:3 ptex:18008 mv:3175 misc:190 imb:1 pmb:49 smb:206 d:-;
in:174 out:175 type:b q:12.00 itex:0 ptex:18780 mv:3253 misc:183 imb:0 pmb:46 smb:207 d:-;
in:179 out:176 type:P q:10.00 itex:0 ptex:25605 mv:5012 misc:255 imb:0 pmb:107 smb:193 d:-;
in:177 out:177 type:B q:11.00 itex:0 ptex:22285 mv:3853 misc:190 imb:0 pmb:52 smb:202 d:-;
in:176 out:178 type:b q:12.00 itex:0 ptex:18660 mv:3517 misc:199 imb:0 pmb:50 smb:204 d:-;
in:178 out:179 type:b q:12.00 itex:10 ptex:20259 mv:3263 misc:196 imb:1 pmb:47 smb:203 d:-;
in:183 out:180 type:P q:10.00 itex:0 ptex:27152 mv:6004 misc:244 imb:0 pmb:110 smb:190 d:-;
in:181 out:181 type:B q:11.00 itex:0 ptex:22828 mv:3974 misc:190 imb:0 pmb:47 smb:197 d:-;
in:180 out:182 type:b q:12.00 itex:0 ptex:19806 mv:3416 misc:194 imb:0 pmb:55 smb:201 d:-;
in:182 out:183 type:b q:12.00 itex:0 ptex:20692 mv:3159 misc:197 imb:0 pmb:56 smb:203 d:-;
in:187 out:184 type:P q:10.00 itex:0 ptex:27094 mv:6199 misc:243 imb:0 pmb:118 smb:182 d:-;
in:185 out:185 type:B q:11.00 itex:0 ptex:23565 mv:3689 misc:178 imb:0 pmb:59 smb:196 d:-;
in:184 out:186 type:b q:12.00 itex:0 ptex:19724 mv:3474 misc:194 imb:0 pmb:50 smb:201 d:-;
in:186 out:187 type:b q:12.00 itex:0 ptex:20669 mv:3387 misc:184 imb:0 pmb:60 smb:196 d:-;
in:191 out:188 type:P q:10.00 itex:0 ptex:28461 mv:5357 misc:254 imb:0 pmb:115 smb:185 d:-;
in:189 out:189 type:B q:11.00 itex:9 ptex:24315 mv:4058 misc:186 imb:1 pmb:42 smb:193 d:-;
in:188 out:190 type:b q:12.00 itex:0 ptex:20283 mv:3475 misc:186 imb:0 pmb:57 smb:196 d:-;
in:190 out:191 type:b q:12.00 itex:0 ptex:19899 mv:3517 misc:176 imb:0 pmb:52 smb:194 d:-;
in:195 out:192 type:P q:10.00 itex:4 ptex:29022 mv:6686 misc:256 imb:1 pmb:117 smb:182 d:-;
in:193 out:193 type:B q:11.00 itex:0 ptex:25470 mv:3883 misc:183 imb:0 pmb:49 smb:196 d:-;
in:192 out:194 type:b q:12.00 itex:0 ptex:18644 mv:4062 misc:198 imb:0 pmb:47 smb:197 d:-;
in:194 out:195 type:b q:12.00 itex:0 ptex:20264 mv:3429 misc:179 imb:0 pmb:56 smb:196 d:-;
in:199 out:196 type:P q:10.00 itex:0 ptex:29137 mv:6287 misc:240 imb:0 pmb:121 smb:179 d:-;
in:197 out:197 type:B q:11.00 itex:0 ptex:24266 mv:4331 misc:187 imb:0 pmb:51 smb:188 d:-;
in:196 out:198 type:b q:12.00 itex:13 ptex:20214 mv:3823 misc:214 imb:2 pmb:47 smb:192 d:-;
in:198 out:199 type:b q:12.00 itex:0 ptex:21529 mv:3613 misc:178 imb:0 pmb:53 smb:189 d:-;
in:203 out:200 type:P q:10.00 itex:515 ptex:30534 mv:6324 misc:243 imb:2 pmb:122 smb:176 d:-;
in:201 out:201 type:B q:11.00 itex:0 ptex:26152 mv:4182 misc:178 imb:0 pmb:51 smb:187 d:-;
in:200 out:202 type:b q:12.00 itex:0 ptex:20941 mv:4059 misc:200 imb:0 pmb:59 smb:188 d:-;
in:202 out:203 type:b q:12.00 itex:0 ptex:23258 mv:3837 misc:177 imb:0 pmb:58 smb:187 d:-;
in:207 out:204 type:P q:10.00 itex:0 ptex:31155 mv:6519 misc:254 imb:0 pmb:127 smb:173 d:-;
in:205 out:205 type:B q:11.00 itex:0 ptex:26685 mv:4496 misc:187 imb:0 pmb:61 smb:183 d:-;
in:204 out:206 type:b q:12.00 itex:0 ptex:21212 mv:4281 misc:195 imb:0 pmb:55 smb:187 d:-;
in:206 out:207 type:b q:12.00 itex:0 ptex:22319 mv:3717 misc:180 imb:0 pmb:56 smb:185 d:-;
in:211 out:208 type:P q:10.00 itex:0 ptex:30924 mv:6592 misc:236 imb:0 pmb:122 smb:178 d:-;
in:209 out:209 type:B q:11.00 itex:0 ptex:27743 mv:4594 misc:183 imb:0 pmb:57 smb:182 d:-;
in:208 out:210 type:b q:12.00 itex:0 ptex:21277 mv:4181 misc:182 imb:0 pmb:51 smb:186 d:-;
in:210 out:211 type:b q:12.00 itex:0 ptex:23667 mv:3890 misc:179 imb:0 pmb:67 smb:183 d:-;
in:215 out:212 type:P q:10.00 itex:2523 ptex:29508 mv:6598 misc:243 imb:3 pmb:126 smb:171 d:-;
in:213 out:213 type:B q:11.00 itex:0 ptex:27893 mv:4724 misc:175 imb:0 pmb:55 smb:180 d:-;
in:212 out:214 type:b q:12.00 itex:0 ptex:22039 mv:4136 misc:185 imb:0 pmb:61 smb:183 d:-;
in:214 out:215 type:b q:12.00 itex:0 ptex:23719 mv:4291 misc:182 imb:0 pmb:54 smb:183 d:-;
in:219 out:216 type:P q:10.00 itex:763 ptex:29973 mv:6596 misc:252 imb:1 pmb:131 smb:168 d:-;
in:217 out:217 type:B q:11.00 itex:0 ptex:29589 mv:4771 misc:184 imb:0 pmb:56 smb:177 d:-;
in:216 out:218 type:b q:12.00 itex:0 ptex:22557 mv:4481 misc:186 imb:0 pmb:52 smb:184 d:-;
in:218 out:219 type:b q:12.00 itex:0 ptex:24418 mv:3948 misc:178 imb:0 pmb:60 smb:177 d:-;
in:223 out:220 type:P q:10.00 itex:0 ptex:32160 mv:6695 misc:233 imb:0 pmb:133 smb:167 d:-;
in:221 out:221 type:B q:11.00 itex:0 ptex:28861 mv:5056 misc:187 imb:0 pmb:42 smb:176 d:-;
in:220 out:222 type:b q:12.00 itex:0 ptex:23608 mv:4328 misc:192 imb:0 pmb:57 smb:180 d:-;
in:222 out:223 type:b q:12.00 itex:0 ptex:23957 mv:4304 misc:187 imb:0 pmb:61 smb:176 d:-;
in:227 out:224 type:P q:10.00 itex:0 ptex:30983 mv:7628 misc:229 imb:0 pmb:138 smb:162 d:-;
in:225 out:225 type:B q:11.00 itex:0 ptex:29161 mv:4610 misc:181 imb:0 pmb:69 smb:171 d:-;
in:224 out:226 type:b q:12.00 itex:0 ptex:24768 mv:4636 misc:188 imb:0 pmb:60 smb:172 d:-;
in:226 out:227 type:b q:12.00 itex:0 ptex:27751 mv:4482 misc:191 imb:0 pmb:64 smb:174 d:-;
in:231 out:228 type:P q:10.00 itex:0 ptex:32276 mv:6895 misc:237 imb:0 pmb:137 smb:163 d:-;
in:229 out:229 type:B q:11.00 itex:0 ptex:28330 mv:4769 misc:173 imb:0 pmb:53 smb:175 d:-;
in:228 out:230 type:b q:12.00 itex:0 ptex:24780 mv:4681 misc:179 imb:0 pmb:56 smb:176 d:-;
in:230 out:231 type:b q:12.00 itex:0 ptex:26731 mv:4057 misc:188 imb:0 pmb:62 smb:177 d:-;
in:235 out:232 type:P q:10.00 itex:0 ptex:35227 mv:7259 misc:234 imb:0 pmb:141 smb:159 d:-;
in:233 out:233 type:B q:11.00 itex:0 ptex:30605 mv:5151 misc:172 imb:0 pmb:60 smb:167 d:-;
in:232 out:234 type:b q:12.00 itex:0 ptex:26410 mv:4593 misc:189 imb:0 pmb:58 smb:173 d:-;
in:234 out:235 type:b q:12.00 itex:0 ptex:27871 mv:4584 misc:169 imb:0 pmb:63 smb:169 d:-;
in:239 out:236 type:P q:10.00 itex:0 ptex:35197 mv:7512 misc:227 imb:0 pmb:139 smb:161 d:-;
in:237 out:237 type:B q:11.00 itex:0 ptex:29167 mv:4972 misc:165 imb:0 pmb:54 smb:169 d:-;
in:236 out:238 type:b q:12.00 itex:0 ptex:26738 mv:4709 misc:193 imb:0 pmb:56 smb:172 d:-;
in:238 out:239 type:b q:12.00 itex:0 ptex:26958 mv:4633 misc:185 imb:0 pmb:64 smb:168 d:-;
in:243 out:240 type:P q:10.00 itex:0 ptex:32486 mv:8037 misc:237 imb:0 pmb:145 smb:155 d:-;
in:241 out:241 type:B q:11.00 itex:0 ptex:32099 mv:5498 misc:171 imb:0 pmb:47 smb:164 d:-;
in:240 out:242 type:b q:12.00 itex:0 ptex:29339 mv:4771 misc:178 imb:0 pmb:63 smb:166 d:-;
in:242 out:243 type:b q:12.00 itex:0 ptex:27566 mv:4450 misc:176 imb:0 pmb:62 smb:168 d:-;
in:247 out:244 type:P q:10.00 itex:46 ptex:35672 mv:8052 misc:230 imb:1 pmb:146 smb:153 d:-;
in:245 out:245 type:B q:11.00 itex:0 ptex:32853 mv:5572 misc:183 imb:0 pmb:49 smb:166 d:-;
in:244 out:246 type:b q:12.00 itex:0 ptex:28172 mv:4711 misc:197 imb:0 pmb:69 smb:167 d:-;
in:246 out:247 type:b q:12.00 itex:0 ptex:27206 mv:4883 misc:175 imb:0 pmb:60 smb:164 d:-;
in:249 out:248 type:P q:10.00 itex:0 ptex:35017 mv:6698 misc:221 imb:0 pmb:145 smb:155 d:-;
in:248 out:249 type:b q:12.00 itex:0 ptex:29998 mv:4987 misc:191 imb:0 pmb:57 smb:165 d:-;
in:250 out:250 type:I q:10.00 itex:97119 ptex:0 mv:5678 misc:331 imb:300 pmb:0 smb:0 d:-;
in:254 out:251 type:P q:10.00 itex:1512 ptex:35092 mv:7873 misc:195 imb:2 pmb:142 smb:156 d:-;
in:252 out:252 type:B q:11.00 itex:0 ptex:36847 mv:5213 misc:188 imb:0 pmb:66 smb:157 d:-;
in:251 out:253 type:b q:12.00 itex:0 ptex:29530 mv:4752 misc:190 imb:0 pmb:72 smb:163 d:-;
in:253 out:254 type:b q:12.00 itex:0 ptex:30409 mv:4866 misc:181 imb:0 pmb:72 smb:159 d:-;
in:258 out:255 type:P q:10.00 itex:785 ptex:35513 mv:8985 misc:229 imb:1 pmb:150 smb:149 d:-;
in:256 out:256 type:B q:11.00 itex:0 ptex:34199 mv:5564 misc:173 imb:0 pmb:62 smb:157 d:-;
in:255 out:257 type:b q:12.00 itex:0 ptex:29398 mv:5179 misc:175 imb:0 pmb:70 smb:160 d:-;
in:257 out:258 type:b q:12.00 itex:0 ptex:30104 mv:5285 misc:203 imb:0 pmb:62 smb:161 d:-;
in:262 out:259 type:P q:10.00 itex:0 ptex:35085 mv:7586 misc:241 imb:0 pmb:154 smb:146 d:-;
in:260 out:260 type:B q:11.00 itex:0 ptex:34357 mv:5488 misc:187 imb:0 pmb:66 smb:155 d:-;
in:259 out:261 type:b q:12.00 itex:0 ptex:28423 mv:5376 misc:201 imb:0 pmb:61 smb:159 d:-;
in:261 out:262 type:b q:12.00 itex:0 ptex:29893 mv:5193 misc:194 imb:0 pmb:67 smb:157 d:-;
in:266 out:263 type:P q:10.00 itex:1056 ptex:34910 mv:7059 misc:215 imb:2 pmb:153 smb:145 d:-;
in:264 out:264 type:B q:11.00 itex:0 ptex:34168 mv:5779 misc:157 imb:0 pmb:70 smb:153 d:-;
in:263 out:265 type:b q:12.00 itex:0 ptex:30343 mv:5429 misc:180 imb:0 pmb:67 smb:157 d:-;
in:265 out:266 type:b q:12.00 itex:0 ptex:30900 mv:4931 misc:185 imb:0 pmb:67 smb:158 d:-;
in:270 out:267 type:P q:10.00 itex:0 ptex:37418 mv:8044 misc:226 imb:0 pmb:155 smb:145 d:-;
in:268 out:268 type:B q:11.00 itex:0 ptex:34752 mv:5489 misc:183 imb:0 pmb:67 smb:152 d:-;
in:267 out:269 type:b q:12.00 itex:0 ptex:30174 mv:5483 misc:199 imb:0 pmb:70 smb:156 d:-;
in:269 out:270 type:b q:12.00 itex:0 ptex:33511 mv:4987 misc:182 imb:0 pmb:66 smb:155 d:-;
in:274 out:271 type:P q:10.00 itex:757 ptex:37000 mv:8233 misc:210 imb:1 pmb:155 smb:144 d:-;
in:272 out:272 type:B q:11.00 itex:0 ptex:34655 mv:6237 misc:172 imb:0 pmb:56 smb:150 d:-;
in:271 out:273 type:b q:12.00 itex:0 ptex:31849 mv:5278 misc:185 imb:0 pmb:69 smb:156 d:-;
in:273 out:274 type:b q:12.00 itex:702 ptex:33367 mv:5197 misc:182 imb:1 pmb:75 smb:152 d:-;
in:278 out:275 type:P q:10.00 itex:721 ptex:38793 mv:8466 misc:220 imb:1 pmb:154 smb:145 d:-;
in:276 out:276 type:B q:11.00 itex:0 ptex:35717 mv:6384 misc:179 imb:0 pmb:60 smb:147 d:-;
in:275 out:277 type:b q:12.00 itex:0 ptex:31489 mv:5548 misc:195 imb:0 pmb:67 smb:152 d:-;
in:277 out:278 type:b q:12.00 itex:718 ptex:32321 mv:5240 misc:201 imb:1 pmb:68 smb:153 d:-;
in:282 out:279 type:P q:10.00 itex:0 ptex:36938 mv:8391 misc:207 imb:0 pmb:158 smb:142 d:-;
in:280 out:280 type:B q:11.00 itex:0 ptex:35289 mv:5802 misc:165 imb:0 pmb:62 smb:145 d:-;
in:279 out:281 type:b q:12.00 itex:0 ptex:32621 mv:5378 misc:209 imb:0 pmb:73 smb:152 d:-;
in:281 out:282 type:b q:12.00 itex:0 ptex:32136 mv:5488 misc:168 imb:0 pmb:63 smb:150 d:-;
in:286 out:283 type:P q:10.00 itex:697 ptex:39019 mv:8580 misc:208 imb:1 pmb:153 smb:146 d:-;
in:284 out:284 type:B q:11.00 itex:0 ptex:37734 mv:6128 misc:154 imb:0 pmb:58 smb:146 d:-;
in:283 out:285 type:b q:12.00 itex:0 ptex:32756 mv:5534 misc:190 imb:0 pmb:62 smb:152 d:-;
in:285 out:286 type:b q:12.00 itex:0 ptex:32734 mv:5506 misc:192 imb:0 pmb:60 smb:151 d:-;
in:290 out:287 type:P q:10.00 itex:6 ptex:39721 mv:8643 misc:214 imb:2 pmb:156 smb:142 d:-;
in:288 out:288 type:B q:11.00 itex:0 ptex:37608 mv:6607 misc:169 imb:0 pmb:60 smb:147 d:-;
in:287 out:289 type:b q:12.00 itex:0 ptex:34187 mv:5788 misc:201 imb:0 pmb:66 smb:150 d:-;
in:289 out:290 type:b q:12.00 itex:11 ptex:35843 mv:5724 misc:190 imb:1 pmb:59 smb:149 d:-;
in:294 out:291 type:P q:10.00 itex:0 ptex:38815 mv:8684 misc:221 imb:0 pmb:157 smb:143 d:-;
in:292 out:292 type:B q:11.00 itex:3 ptex:36813 mv:6308 misc:172 imb:1 pmb:54 smb:148 d:-;
in:291 out:293 type:b q:12.00 itex:0 ptex:34411 mv:5819 misc:202 imb:0 pmb:58 smb:152 d:-;
in:293 out:294 type:b q:12.00 itex:0 ptex:35350 mv:5789 misc:181 imb:0 pmb:55 smb:151 d:-;
in:298 out:295 type:P q:10.00 itex:1552 ptex:40284 mv:8567 misc:205 imb:2 pmb:157 smb:141 d:-;
in:296 out:296 type:B q:11.00 itex:0 ptex:37103 mv:6286 misc:187 imb:0 pmb:62 smb:146 d:-;
in:295 out:297 type:b q:12.00 itex:0 ptex:33143 mv:5704 misc:201 imb:0 pmb:64 smb:148 d:-;
in:297 out:298 type:b q:12.00 itex:0 ptex:33703 mv:5750 misc:179 imb:0 pmb:63 smb:149 d:-;
in:302 out:299 type:P q:10.00 itex:1432 ptex:39745 mv:9067 misc:220 imb:2 pmb:157 smb:141 d:-;
in:300 out:300 type:B q:11.00 itex:0 ptex:38951 mv:6713 misc:168 imb:0 pmb:64 smb:145 d:-;
in:299 out:301 type:b q:12.00 itex:0 ptex:33402 mv:6058 misc:180 imb:0 pmb:60 smb:148 d:-;
in:301 out:302 type:b q:12.00 itex:0 ptex:34323 mv:5580 misc:177 imb:0 pmb:62 smb:149 d:-;
in:306 out:303 type:P q:10.00 itex:2319 ptex:41371 mv:8588 misc:210 imb:3 pmb:155 smb:142 d:-;
in:304 out:304 type:B q:11.00 itex:0 ptex:39559 mv:6608 misc:169 imb:0 pmb:59 smb:147 d:-;
in:303 out:305 type:b q:12.00 itex:0 ptex:36086 mv:6056 misc:194 imb:0 pmb:60 smb:152 d:-;
in:305 out:306 type:b q:12.00 itex:618 ptex:34088 mv:5422 misc:184 imb:1 pmb:65 smb:149 d:-;
in:310 out:307 type:P q:10.00 itex:855 ptex:39985 mv:9472 misc:208 imb:2 pmb:156 smb:142 d:-;
in:308 out:308 type:B q:11.00 itex:856 ptex:38317 mv:6778 misc:169 imb:1 pmb:47 smb:146 d:-;
in:307 out:309 type:b q:12.00 itex:677 ptex:33180 mv:5855 misc:184 imb:1 pmb:62 smb:146 d:-;
in:309 out:310 type:b q:12.00 itex:0 ptex:35062 mv:5467 misc:167 imb:0 pmb:71 smb:147 d:-;
in:314 out:311 type:P q:10.00 itex:3 ptex:39352 mv:9106 misc:219 imb:1 pmb:159 smb:140 d:-;
in:312 out:312 type:B q:11.00 itex:71 ptex:40330 mv:6712 misc:167 imb:1 pmb:46 smb:145 d:-;
in:311 out:313 type:b q:12.00 itex:592 ptex:32728 mv:5920 misc:184 imb:1 pmb:63 smb:146 d:-;
in:313 out:314 type:b q:12.00 itex:74 ptex:34467 mv:5734 misc:181 imb:1 pmb:64 smb:146 d:-;
in:318 out:315 type:P q:10.00 itex:2922 ptex:40182 mv:9940 misc:212 imb:5 pmb:154 smb:141 d:-;
in:316 out:316 type:B q:11.00 itex:0 ptex:41147 mv:6488 misc:181 imb:0 pmb:62 smb:145 d:-;
in:315 out:317 type:b q:12.00 itex:0 ptex:35341 mv:5568 misc:187 imb:0 pmb:54 smb:154 d:-;
in:317 out:318 type:b q:12.00 itex:0 ptex:34163 mv:5893 misc:176 imb:0 pmb:57 smb:148 d:-;
in:322 out:319 type:P q:10.00 itex:0 ptex:41578 mv:9717 misc:217 imb:0 pmb:158 smb:142 d:-;
in:320 out:320 type:B q:11.00 itex:0 ptex:42698 mv:7246 misc:184 imb:0 pmb:50 smb:144 d:-;
in:319 out:321 type:b q:12.00 itex:0 ptex:33466 mv:5543 misc:167 imb:0 pmb:72 smb:144 d:-;
in:321 out:322 type:b q:12.00 itex:10 ptex:33725 mv:5611 misc:190 imb:1 pmb:63 smb:148 d:-;
in:326 out:323 type:P q:10.00 itex:1362 ptex:43742 mv:10169 misc:215 imb:2 pmb:158 smb:140 d:-;
in:324 out:324 type:B q:11.00 itex:0 ptex:40496 mv:6788 misc:172 imb:0 pmb:52 smb:145 d:-;
in:323 out:325 type:b q:12.00 itex:0 ptex:33258 mv:6176 misc:198 imb:0 pmb:51 smb:148 d:-;
in:325 out:326 type:b q:12.00 itex:0 ptex:34865 mv:5873 misc:190 imb:0 pmb:59 smb:145 d:-;
in:330 out:327 type:P q:10.00 itex:0 ptex:44600 mv:10791 misc:217 imb:0 pmb:161 smb:139 d:-;
in:328 out:328 type:B q:11.00 itex:0 ptex:43554 mv:7375 misc:159 imb:0 pmb:47 smb:142 d:-;
in:327 out:329 type:b q:12.00 itex:0 ptex:37384 mv:6293 misc:179 imb:0 pmb:68 smb:143 d:-;
in:329 out:330 type:b q:12.00 itex:0 ptex:37932 mv:6244 misc:192 imb:0 pmb:61 smb:147 d:-;
in:334 out:331 type:P q:10.00 itex:3006 ptex:43189 mv:9597 misc:200 imb:6 pmb:152 smb:142 d:-;
in:332 out:332 type:B q:11.00 itex:0 ptex:44035 mv:7105 misc:164 imb:0 pmb:56 smb:145 d:-;
in:331 out:333 type:b q:12.00 itex:0 ptex:38692 mv:6163 misc:169 imb:0 pmb:66 smb:145 d:-;
in:333 out:334 type:b q:12.00 itex:0 ptex:38441 mv:6029 misc:186 imb:0 pmb:68 smb:145 d:-;
in:338 out:335 type:P q:10.00 itex:631 ptex:45443 mv:10587 misc:211 imb:1 pmb:161 smb:138 d:-;
in:336 out:336 type:B q:11.00 itex:0 ptex:42847 mv:7243 misc:182 imb:0 pmb:52 smb:143 d:-;
in:335 out:337 type:b q:12.00 itex:12 ptex:37422 mv:6656 misc:166 imb:1 pmb:57 smb:142 d:-;
in:337 out:338 type:b q:12.00 itex:0 ptex:38503 mv:6116 misc:173 imb:0 pmb:58 smb:145 d:-;
in:342 out:339 type:P q:10.00 itex:2171 ptex:44004 mv:12118 misc:219 imb:3 pmb:160 smb:137 d:-;
in:340 out:340 type:B q:11.00 itex:0 ptex:44477 mv:7389 misc:158 imb:0 pmb:50 smb:141 d:-;
in:339 out:341 type:b q:12.00 itex:0 ptex:39564 mv:6811 misc:193 imb:0 pmb:59 smb:142 d:-;
in:341 out:342 type:b q:12.00 itex:0 ptex:41648 mv:6945 misc:175 imb:0 pmb:53 smb:143 d:-;
in:346 out:343 type:P q:10.00 itex:1178 ptex:48134 mv:10619 misc:213 imb:2 pmb:164 smb:134 d:-;
in:344 out:344 type:B q:11.00 itex:0 ptex:46847 mv:7645 misc:164 imb:0 pmb:50 smb:141 d:-;
in:343 out:345 type:b q:12.00 itex:11 ptex:40021 mv:6776 misc:184 imb:1 pmb:51 smb:144 d:-;
in:345 out:346 type:b q:12.00 itex:636 ptex:41043 mv:6498 misc:167 imb:1 pmb:65 smb:141 d:-;
in:350 out:347 type:P q:10.00 itex:2369 ptex:46831 mv:10821 misc:203 imb:4 pmb:161 smb:135 d:-;
in:348 out:348 type:B q:11.00 itex:933 ptex:44826 mv:7675 misc:158 imb:1 pmb:47 smb:137 d:-;
in:347 out:349 type:b q:12.00 itex:11 ptex:41150 mv:7097 misc:174 imb:1 pmb:58 smb:139 d:-;
in:349 out:350 type:b q:12.00 itex:0 ptex:42957 mv:6771 misc:160 imb:0 pmb:59 smb:143 d:-;
in:354 out:351 type:P q:10.00 itex:6444 ptex:45965 mv:11025 misc:230 imb:8 pmb:155 smb:137 d:-;
in:352 out:352 type:B q:11.00 itex:61 ptex:46353 mv:7271 misc:187 imb:1 pmb:53 smb:140 d:-;
in:351 out:353 type:b q:12.00 itex:0 ptex:41683 mv:6590 misc:191 imb:0 pmb:57 smb:142 d:-;
in:353 out:354 type:b q:12.00 itex:0 ptex:42797 mv:6782 misc:165 imb:0 pmb:62 smb:141 d:-;
in:358 out:355 type:P q:10.00 itex:4649 ptex:46400 mv:10832 misc:215 imb:7 pmb:159 smb:134 d:-;
in:356 out:356 type:B q:11.00 itex:0 ptex:48490 mv:7463 misc:175 imb:0 pmb:52 smb:139 d:-;
in:355 out:357 type:b q:12.00 itex:695 ptex:42910 mv:7054 misc:189 imb:1 pmb:58 smb:139 d:-;
in:357 out:358 type:b q:12.00 itex:0 ptex:44278 mv:7160 misc:170 imb:0 pmb:53 smb:139 d:-;
in:362 out:359 type:P q:10.00 itex:2748 ptex:47432 mv:11085 misc:223 imb:4 pmb:161 smb:135 d:-;
in:360 out:360 type:B q:11.00 itex:0 ptex:48844 mv:7311 misc:181 imb:0 pmb:45 smb:140 d:-;
in:359 out:361 type:b q:12.00 itex:0 ptex:40775 mv:6808 misc:193 imb:0 pmb:58 smb:141 d:-;
in:361 out:362 type:b q:12.00 itex:0 ptex:44556 mv:7059 misc:185 imb:0 pmb:55 smb:140 d:-;
in:366 out:363 type:P q:10.00 itex:831 ptex:50520 mv:11223 misc:218 imb:1 pmb:163 smb:136 d:-;
in:364 out:364 type:B q:11.00 itex:680 ptex:49543 mv:7588 misc:181 imb:1 pmb:42 smb:140 d:-;
in:363 out:365 type:b q:12.00 itex:0 ptex:41590 mv:6842 misc:176 imb:0 pmb:53 smb:141 d:-;
in:365 out:366 type:b q:12.00 itex:0 ptex:42326 mv:6813 misc:189 imb:0 pmb:51 smb:143 d:-;
in:370 out:367 type:P q:10.00 itex:6014 ptex:47126 mv:12094 misc:206 imb:10 pmb:156 smb:134 d:-;
in:368 out:368 type:B q:11.00 itex:0 ptex:51278 mv:7873 misc:169 imb:0 pmb:49 smb:142 d:-;
in:367 out:369 type:b q:12.00 itex:0 ptex:42324 mv:6531 misc:193 imb:0 pmb:45 smb:142 d:-;
in:369 out:370 type:b q:12.00 itex:0 ptex:45123 mv:6794 misc:179 imb:0 pmb:66 smb:139 d:-;
in:374 out:371 type:P q:10.00 itex:3806 ptex:47625 mv:11728 misc:225 imb:6 pmb:161 smb:133 d:-;
in:372 out:372 type:B q:11.00 itex:0 ptex:53466 mv:8156 misc:186 imb:0 pmb:50 smb:138 d:-;
in:371 out:373 type:b q:12.00 itex:612 ptex:43217 mv:7390 misc:181 imb:1 pmb:47 smb:141 d:-;
in:373 out:374 type:b q:12.00 itex:625 ptex:46539 mv:7082 misc:186 imb:1 pmb:57 smb:140 d:-;
in:378 out:375 type:P q:10.00 itex:3551 ptex:49704 mv:12251 misc:214 imb:5 pmb:161 smb:134 d:-;
in:376 out:376 type:B q:11.00 itex:0 ptex:51159 mv:8000 misc:177 imb:0 pmb:47 smb:138 d:-;
in:375 out:377 type:b q:12.00 itex:609 ptex:45682 mv:7190 misc:183 imb:1 pmb:50 smb:140 d:-;
in:377 out:378 type:b q:12.00 itex:105 ptex:44927 mv:7416 misc:184 imb:1 pmb:44 smb:139 d:-;
in:382 out:379 type:P q:10.00 itex:4829 ptex:49613 mv:11441 misc:205 imb:8 pmb:161 smb:131 d:-;
in:380 out:380 type:B q:11.00 itex:0 ptex:52065 mv:8253 misc:170 imb:0 pmb:52 smb:132 d:-;
in:379 out:381 type:b q:12.00 itex:0 ptex:47639 mv:6972 misc:197 imb:0 pmb:59 smb:138 d:-;
in:381 out:382 type:b q:12.00 itex:0 ptex:46252 mv:7098 misc:194 imb:0 pmb:51 smb:138 d:-;
in:386 out:383 type:P q:10.00 itex:7240 ptex:45812 mv:11591 misc:229 imb:10 pmb:159 smb:131 d:-;
in:384 out:384 type:B q:11.00 itex:0 ptex:52593 mv:7771 misc:180 imb:0 pmb:51 smb:134 d:-;
in:383 out:385 type:b q:12.00 itex:0 ptex:44428 mv:7107 misc:201 imb:0 pmb:56 smb:137 d:-;
in:385 out:386 type:b q:12.00 itex:0 ptex:49243 mv:7018 misc:179 imb:0 pmb:62 smb:140 d:-;
in:390 out:387 type:P q:10.00 itex:2188 ptex:51240 mv:11563 misc:209 imb:3 pmb:165 smb:132 d:-;
in:388 out:388 type:B q:11.00 itex:0 ptex:51900 mv:7748 misc:184 imb:0 pmb:49 smb:136 d:-;
in:387 out:389 type:b q:12.00 itex:0 ptex:46400 mv:7117 misc:179 imb:0 pmb:55 smb:139 d:-;
in:389 out:390 type:b q:12.00 itex:0 ptex:47251 mv:7342 misc:175 imb:0 pmb:48 smb:139 d:-;
in:394 out:391 type:P q:10.00 itex:4431 ptex:49041 mv:11191 misc:209 imb:6 pmb:161 smb:133 d:-;
in:392 out:392 type:B q:11.00 itex:0 ptex:54524 mv:7877 misc:175 imb:0 pmb:56 smb:135 d:-;
in:391 out:393 type:b q:12.00 itex:0 ptex:46536 mv:6617 misc:207 imb:0 pmb:60 smb:137 d:-;
in:393 out:394 type:b q:12.00 itex:0 ptex:47151 mv:6979 misc:182 imb:0 pmb:50 smb:137 d:-;
in:398 out:395 type:P q:10.00 itex:1253 ptex:50976 mv:11329 misc:218 imb:4 pmb:168 smb:128 d:-;
in:396 out:396 type:B q:11.00 itex:12 ptex:51388 mv:7958 misc:170 imb:1 pmb:60 smb:133 d:-;
in:395 out:397 type:b q:12.00 itex:0 ptex:47063 mv:7481 misc:176 imb:0 pmb:48 smb:134 d:-;
in:397 out:398 type:b q:12.00 itex:0 ptex:45605 mv:7069 misc:182 imb:0 pmb:55 smb:140 d:-;
in:402 out:399 type:P q:10.00 itex:5330 ptex:51207 mv:11300 misc:235 imb:8 pmb:167 smb:125 d:-;
in:400 out:400 type:B q:11.00 itex:256 ptex:53301 mv:7804 misc:183 imb:1 pmb:61 smb:131 d:-;
in:399 out:401 type:b q:12.00 itex:0 ptex:46592 mv:7806 misc:202 imb:0 pmb:51 smb:133 d:-;
in:401 out:402 type:b q:12.00 itex:600 ptex:45612 mv:7431 misc:189 imb:1 pmb:44 smb:133 d:-;
in:406 out:403 type:P q:10.00 itex:11948 ptex:47678 mv:11037 misc:233 imb:20 pmb:158 smb:122 d:-;
in:404 out:404 type:B q:11.00 itex:0 ptex:55733 mv:8571 misc:176 imb:0 pmb:55 smb:127 d:-;
in:403 out:405 type:b q:12.00 itex:751 ptex:47415 mv:7595 misc:199 imb:1 pmb:56 smb:127 d:-;
in:405 out:406 type:b q:12.00 itex:0 ptex:49912 mv:7429 misc:203 imb:0 pmb:57 smb:131 d:-;
in:410 out:407 type:P q:10.00 itex:4289 ptex:53405 mv:11559 misc:259 imb:10 pmb:174 smb:116 d:-;
in:408 out:408 type:B q:11.00 itex:0 ptex:55589 mv:8516 misc:199 imb:0 pmb:51 smb:127 d:-;
in:407 out:409 type:b q:12.00 itex:1161 ptex:46521 mv:7628 misc:210 imb:2 pmb:52 smb:129 d:-;
in:409 out:410 type:b q:12.00 itex:3 ptex:48347 mv:7477 misc:205 imb:1 pmb:56 smb:124 d:-;
in:414 out:411 type:P q:10.00 itex:2459 ptex:56797 mv:11952 misc:224 imb:6 pmb:183 smb:111 d:-;
in:412 out:412 type:B q:11.00 itex:2472 ptex:56437 mv:8546 misc:193 imb:5 pmb:58 smb:116 d:-;
in:411 out:413 type:b q:12.00 itex:0 ptex:47061 mv:7460 misc:215 imb:0 pmb:57 smb:125 d:-;
in:413 out:414 type:b q:12.00 itex:0 ptex:47432 mv:7612 misc:188 imb:0 pmb:64 smb:119 d:-;
in:418 out:415 type:P q:10.00 itex:4302 ptex:56495 mv:11677 misc:246 imb:13 pmb:183 smb:104 d:-;
in:416 out:416 type:B q:11.00 itex:741 ptex:60439 mv:8593 misc:203 imb:2 pmb:65 smb:110 d:-;
in:415 out:417 type:b q:12.00 itex:0 ptex:48707 mv:7842 misc:235 imb:0 pmb:72 smb:117 d:-;
in:417 out:418 type:b q:12.00 itex:1033 ptex:49001 mv:7609 misc:221 imb:2 pmb:70 smb:116 d:-;
in:422 out:419 type:P q:10.00 itex:3502 ptex:60649 mv:11683 misc:270 imb:12 pmb:193 smb:95 d:-;
in:420 out:420 type:B q:11.00 itex:1044 ptex:57516 mv:9185 misc:215 imb:4 pmb:78 smb:103 d:-;
in:419 out:421 type:b q:12.00 itex:2066 ptex:48038 mv:7663 misc:233 imb:4 pmb:68 smb:115 d:-;
in:421 out:422 type:b q:12.00 itex:599 ptex:51735 mv:8082 misc:232 imb:2 pmb:68 smb:105 d:-;
in:426 out:423 type:P q:10.00 itex:13637 ptex:52360 mv:12206 misc:293 imb:46 pmb:193 smb:61 d:-;
in:424 out:424 type:B q:11.00 itex:4594 ptex:58801 mv:9150 misc:271 imb:15 pmb:78 smb:82 d:-;
in:423 out:425 type:b q:12.00 itex:1068 ptex:50459 mv:8120 misc:257 imb:5 pmb:73 smb:98 d:-;
in:425 out:426 type:b q:12.00 itex:1152 ptex:50093 mv:8479 misc:252 imb:5 pmb:70 smb:97 d:-;
in:430 out:427 type:P q:10.00 itex:5084 ptex:56042 mv:12354 misc:288 imb:33 pmb:180 smb:87 d:-;
in:428 out:428 type:B q:11.00 itex:1419 ptex:57467 mv:8813 misc:261 imb:18 pmb:75 smb:81 d:-;
in:427 out:429 type:b q:12.00 itex:1122 ptex:49267 mv:7920 misc:243 imb:8 pmb:95 smb:87 d:-;
in:429 out:430 type:b q:12.00 itex:1030 ptex:50981 mv:7913 misc:236 imb:3 pmb:81 smb:100 d:-;
in:434 out:431 type:P q:10.00 itex:6150 ptex:58553 mv:12861 misc:292 imb:25 pmb:206 smb:69 d:-;
in:432 out:432 type:B q:11.00 itex:599 ptex:60851 mv:9162 misc:244 imb:5 pmb:76 smb:92 d:-;
in:431 out:433 type:b q:12.00 itex:0 ptex:48457 mv:8315 misc:244 imb:0 pmb:100 smb:87 d:-;
in:433 out:434 type:b q:12.00 itex:19 ptex:52612 mv:8168 misc:241 imb:11 pmb:86 smb:93 d:-;
in:438 out:435 type:P q:10.00 itex:10912 ptex:57959 mv:13031 misc:290 imb:38 pmb:189 smb:73 d:-;
in:436 out:436 type:B q:11.00 itex:1572 ptex:62787 mv:9327 misc:250 imb:6 pmb:85 smb:82 d:-;
in:435 out:437 type:b q:12.00 itex:649 ptex:52565 mv:8603 misc:247 imb:2 pmb:68 smb:102 d:-;
in:437 out:438 type:b q:12.00 itex:2007 ptex:53198 mv:8469 misc:246 imb:7 pmb:79 smb:92 d:-;
in:442 out:439 type:P q:10.00 itex:13558 ptex:53922 mv:11881 misc:295 imb:48 pmb:184 smb:68 d:-;
in:440 out:440 type:B q:11.00 itex:3210 ptex:59600 mv:8687 misc:247 imb:19 pmb:87 smb:82 d:-;
in:439 out:441 type:b q:12.00 itex:972 ptex:52728 mv:8975 misc:261 imb:5 pmb:82 smb:82 d:-;
in:441 out:442 type:b q:12.00 itex:292 ptex:52752 mv:8611 misc:241 imb:13 pmb:70 smb:91 d:-;
in:446 out:443 type:P q:10.00 itex:12525 ptex:57549 mv:12192 misc:262 imb:36 pmb:199 smb:65 d:-;
in:444 out:444 type:B q:11.00 itex:966 ptex:63649 mv:8928 misc:217 imb:2 pmb:66 smb:99 d:-;
in:443 out:445 type:b q:12.00 itex:88 ptex:53899 mv:8599 misc:278 imb:1 pmb:87 smb:93 d:-;
in:445 out:446 type:b q:12.00 itex:0 ptex:54757 mv:8532 misc:247 imb:0 pmb:92 smb:84 d:-;
in:450 out:447 type:P q:10.00 itex:14329 ptex:59127 mv:12018 misc:294 imb:36 pmb:189 smb:75 d:-;
in:448 out:448 type:B q:11.00 itex:1748 ptex:63089 mv:9367 misc:252 imb:7 pmb:77 smb:84 d:-;
in:447 out:449 type:b q:12.00 itex:643 ptex:54094 mv:8719 misc:248 imb:2 pmb:72 smb:98 d:-;
in:449 out:450 type:b q:12.00 itex:1196 ptex:55958 mv:8816 misc:262 imb:4 pmb:75 smb:89 d:-;
in:452 out:451 type:P q:10.00 itex:16276 ptex:53411 mv:12378 misc:295 imb:54 pmb:199 smb:47 d:-;
in:451 out:452 type:b q:12.00 itex:551 ptex:54597 mv:8993 misc:251 imb:2 pmb:94 smb:70 d:-;
in:456 out:453 type:P q:10.00 itex:11345 ptex:54300 mv:12082 misc:297 imb:39 pmb:191 smb:70 d:-;
in:454 out:454 type:B q:11.00 itex:1129 ptex:64986 mv:9439 misc:254 imb:19 pmb:73 smb:80 d:-;
in:453 out:455 type:b q:12.00 itex:538 ptex:56302 mv:8377 misc:263 imb:7 pmb:84 smb:84 d:-;
in:455 out:456 type:b q:12.00 itex:0 ptex:52979 mv:8287 misc:254 imb:0 pmb:83 smb:90 d:-;
in:460 out:457 type:P q:10.00 itex:9568 ptex:55262 mv:12948 misc:294 imb:38 pmb:201 smb:61 d:-;
in:458 out:458 type:B q:11.00 itex:1029 ptex:65278 mv:8966 misc:207 imb:4 pmb:72 smb:96 d:-;
in:457 out:459 type:b q:12.00 itex:753 ptex:51837 mv:7786 misc:248 imb:2 pmb:71 smb:103 d:-;
in:459 out:460 type:b q:12.00 itex:0 ptex:55616 mv:8599 misc:249 imb:0 pmb:87 smb:87 d:-;
in:464 out:461 type:P q:10.00 itex:17802 ptex:54442 mv:12361 misc:283 imb:55 pmb:174 smb:71 d:-;
in:462 out:462 type:B q:11.00 itex:1978 ptex:65633 mv:9399 misc:246 imb:7 pmb:80 smb:75 d:-;
in:461 out:463 type:b q:12.00 itex:1320 ptex:55021 mv:8922 misc:273 imb:5 pmb:70 smb:93 d:-;
in:463 out:464 type:b q:12.00 itex:463 ptex:56335 mv:8565 misc:253 imb:3 pmb:89 smb:80 d:-;
in:467 out:465 type:P q:10.00 itex:12422 ptex:56512 mv:12244 misc:302 imb:52 pmb:177 smb:71 d:-;
in:466 out:466 type:B q:11.00 itex:1699 ptex:62429 mv:8536 misc:256 imb:5 pmb:86 smb:75 d:-;
in:465 out:467 type:b q:12.00 itex:322 ptex:56425 mv:9092 misc:257 imb:2 pmb:83 smb:87 d:-;
in:471 out:468 type:P q:10.00 itex:15055 ptex:54957 mv:11785 misc:299 imb:46 pmb:176 smb:78 d:-;
in:469 out:469 type:B q:11.00 itex:320 ptex:62126 mv:8689 misc:249 imb:3 pmb:89 smb:90 d:-;
in:468 out:470 type:b q:12.00 itex:613 ptex:56142 mv:8750 misc:247 imb:10 pmb:78 smb:89 d:-;
in:470 out:471 type:b q:12.00 itex:256 ptex:57857 mv:8105 misc:222 imb:2 pmb:76 smb:107 d:-;
in:475 out:472 type:P q:10.00 itex:6175 ptex:61774 mv:12204 misc:255 imb:17 pmb:199 smb:84 d:-;
in:473 out:473 type:B q:11.00 itex:310 ptex:59718 mv:8350 misc:206 imb:1 pmb:85 smb:87 d:-;
in:472 out:474 type:b q:12.00 itex:3 ptex:54710 mv:8081 misc:238 imb:1 pmb:93 smb:99 d:-;
in:474 out:475 type:b q:12.00 itex:653 ptex:54838 mv:7683 misc:234 imb:1 pmb:95 smb:96 d:-;
in:479 out:476 type:P q:10.00 itex:13442 ptex:56738 mv:11977 misc:283 imb:35 pmb:200 smb:65 d:-;
in:477 out:477 type:B q:11.00 itex:510 ptex:62328 mv:8673 misc:249 imb:2 pmb:86 smb:85 d:-;
in:476 out:478 type:b q:12.00 itex:621 ptex:54575 mv:8139 misc:257 imb:1 pmb:91 smb:93 d:-;
in:478 out:479 type:b q:12.00 itex:656 ptex:54952 mv:8645 misc:259 imb:2 pmb:75 smb:90 d:-;
in:483 out:480 type:P q:10.00 itex:12486 ptex:56252 mv:12574 misc:280 imb:37 pmb:207 smb:56 d:-;
in:481 out:481 type:B q:11.00 itex:2633 ptex:62255 mv:9255 misc:249 imb:7 pmb:88 smb:72 d:-;
in:480 out:482 type:b q:12.00 itex:0 ptex:54611 mv:9260 misc:281 imb:0 pmb:73 smb:90 d:-;
in:482 out:483 type:b q:12.00 itex:485 ptex:56550 mv:8635 misc:250 imb:1 pmb:86 smb:81 d:-;
in:487 out:484 type:P q:10.00 itex:11297 ptex:56278 mv:11801 misc:312 imb:45 pmb:198 smb:57 d:-;
in:485 out:485 type:B q:11.00 itex:330 ptex:63746 mv:9466 misc:266 imb:3 pmb:90 smb:79 d:-;
in:484 out:486 type:b q:12.00 itex:774 ptex:56833 mv:8741 misc:268 imb:1 pmb:100 smb:85 d:-;
in:486 out:487 type:b q:12.00 itex:0 ptex:56225 mv:8581 misc:266 imb:0 pmb:87 smb:82 d:-;
in:491 out:488 type:P q:10.00 itex:8118 ptex:58137 mv:10634 misc:303 imb:27 pmb:200 smb:73 d:-;
in:489 out:489 type:B q:11.00 itex:802 ptex:63790 mv:8963 misc:229 imb:4 pmb:91 smb:86 d:-;
in:488 out:490 type:b q:12.00 itex:3 ptex:54864 mv:8621 misc:248 imb:1 pmb:78 smb:94 d:-;
in:490 out:491 type:b q:12.00 itex:35 ptex:54995 mv:8173 misc:237 imb:5 pmb:80 smb:94 d:-;
in:495 out:492 type:P q:10.00 itex:4058 ptex:62094 mv:11051 misc:285 imb:19 pmb:195 smb:86 d:-;
in:493 out:493 type:B q:11.00 itex:18 ptex:63934 mv:8945 misc:247 imb:10 pmb:73 smb:93 d:-;
in:492 out:494 type:b q:12.00 itex:13 ptex:55430 mv:7747 misc:242 imb:6 pmb:92 smb:94 d:-;
in:494 out:495 type:b q:12.00 itex:11 ptex:54872 mv:7684 misc:249 imb:4 pmb:73 smb:100 d:-;
in:499 out:496 type:P q:10.00 itex:9953 ptex:57754 mv:10846 misc:279 imb:20 pmb:199 smb:81 d:-;
in:497 out:497 type:B q:11.00 itex:0 ptex:63557 mv:8706 misc:241 imb:0 pmb:88 smb:90 d:-;
in:496 out:498 type:b q:12.00 itex:8 ptex:56713 mv:7794 misc:261 imb:3 pmb:78 smb:104 d:-;
in:498 out:499 type:b q:12.00 itex:0 ptex:55925 mv:7850 misc:249 imb:0 pmb:83 smb:101 d:-;
in:500 out:500 type:I q:10.00 itex:121735 ptex:0 mv:6490 misc:335 imb:300 pmb:0 smb:0 d:-;
in:504 out:501 type:P q:10.00 itex:16714 ptex:52118 mv:12304 misc:256 imb:28 pmb:195 smb:77 d:-;
in:502 out:502 type:B q:11.00 itex:1382 ptex:64398 mv:8457 misc:267 imb:3 pmb:94 smb:93 d:-;
in:501 out:503 type:b q:12.00 itex:0 ptex:57328 mv:7708 misc:236 imb:0 pmb:69 smb:107 d:-;
in:503 out:504 type:b q:12.00 itex:0 ptex:54789 mv:7915 misc:256 imb:0 pmb:72 smb:104 d:-;
in:508 out:505 type:P q:10.00 itex:8315 ptex:56861 mv:11419 misc:277 imb:17 pmb:219 smb:64 d:-;
in:506 out:506 type:B q:11.00 itex:2207 ptex:60149 mv:8738 misc:242 imb:4 pmb:96 smb:79 d:-;
in:505 out:507 type:b q:12.00 itex:0 ptex:52629 mv:7787 misc:272 imb:0 pmb:73 smb:103 d:-;
in:507 out:508 type:b q:12.00 itex:3 ptex:52450 mv:7372 misc:247 imb:1 pmb:98 smb:82 d:-;
in:512 out:509 type:P q:10.00 itex:10458 ptex:54529 mv:11358 misc:271 imb:22 pmb:212 smb:66 d:-;
in:510 out:510 type:B q:11.00 itex:0 ptex:61181 mv:8656 misc:243 imb:0 pmb:102 smb:76 d:-;
in:509 out:511 type:b q:12.00 itex:0 ptex:52015 mv:7786 misc:263 imb:0 pmb:81 smb:100 d:-;
in:511 out:512 type:b q:12.00 itex:3 ptex:52133 mv:7151 misc:257 imb:1 pmb:96 smb:88 d:-;
in:516 out:513 type:P q:10.00 itex:7167 ptex:57559 mv:11591 misc:307 imb:21 pmb:214 smb:65 d:-;
in:514 out:514 type:B q:11.00 itex:148 ptex:61467 mv:8969 misc:248 imb:2 pmb:87 smb:82 d:-;
in:513 out:515 type:b q:12.00 itex:560 ptex:54641 mv:8317 misc:258 imb:1 pmb:85 smb:95 d:-;
in:515 out:516 type:b q:12.00 itex:12 ptex:53248 mv:7875 misc:273 imb:2 pmb:93 smb:85 d:-;
in:520 out:517 type:P q:10.00 itex:6287 ptex:61366 mv:12697 misc:274 imb:21 pmb:218 smb:61 d:-;
in:518 out:518 type:B q:11.00 itex:488 ptex:62361 mv:9080 misc:271 imb:4 pmb:81 smb:76 d:-;
in:517 out:519 type:b q:12.00 itex:311 ptex:56090 mv:8786 misc:269 imb:1 pmb:84 smb:90 d:-;
in:519 out:520 type:b q:12.00 itex:524 ptex:55548 mv:8403 misc:245 imb:1 pmb:96 smb:73 d:-;
in:524 out:521 type:P q:10.00 itex:14047 ptex:55659 mv:11151 misc:295 imb:36 pmb:213 smb:51 d:-;
in:522 out:522 type:B q:11.00 itex:1416 ptex:63997 mv:9365 misc:270 imb:3 pmb:85 smb:73 d:-;
in:521 out:523 type:b q:12.00 itex:0 ptex:55586 mv:8852 misc:282 imb:0 pmb:93 smb:79 d:-;
in:523 out:524 type:b q:12.00 itex:0 ptex:59023 mv:9001 misc:256 imb:0 pmb:91 smb:72 d:-;
in:527 out:525 type:P q:10.00 itex:9558 ptex:59679 mv:11471 misc:300 imb:45 pmb:204 smb:51 d:-;
in:526 out:526 type:B q:11.00 itex:1522 ptex:63408 mv:8972 misc:258 imb:3 pmb:90 smb:70 d:-;
in:525 out:527 type:b q:12.00 itex:0 ptex:58450 mv:8951 misc:263 imb:0 pmb:79 smb:91 d:-;
in:531 out:528 type:P q:10.00 itex:13681 ptex:55658 mv:11812 misc:265 imb:52 pmb:179 smb:69 d:-;
in:529 out:529 type:B q:11.00 itex:1883 ptex:64768 mv:8813 misc:232 imb:9 pmb:83 smb:79 d:-;
in:528 out:530 type:b q:12.00 itex:210 ptex:57257 mv:8653 misc:240 imb:1 pmb:93 smb:90 d:-;
in:530 out:531 type:b q:12.00 itex:658 ptex:58335 mv:8468 misc:243 imb:8 pmb:87 smb:89 d:-;
in:535 out:532 type:P q:10.00 itex:11899 ptex:60117 mv:11715 misc:285 imb:36 pmb:199 smb:65 d:-;
in:533 out:533 type:B q:11.00 itex:4500 ptex:65543 mv:9058 misc:267 imb:15 pmb:83 smb:74 d:-;
in:532 out:534 type:b q:12.00 itex:371 ptex:59208 mv:8481 misc:268 imb:1 pmb:104 smb:79 d:-;
in:534 out:535 type:b q:12.00 itex:2446 ptex:60290 mv:8627 misc:261 imb:17 pmb:88 smb:75 d:-;
in:539 out:536 type:P q:10.00 itex:8737 ptex:60300 mv:12565 misc:294 imb:26 pmb:207 smb:67 d:-;
in:537 out:537 type:B q:11.00 itex:1389 ptex:61755 mv:9172 misc:236 imb:3 pmb:76 smb:90 d:-;
in:536 out:538 type:b q:12.00 itex:0 ptex:58825 mv:8546 misc:261 imb:0 pmb:82 smb:94 d:-;
in:538 out:539 type:b q:12.00 itex:525 ptex:57807 mv:8200 misc:268 imb:1 pmb:95 smb:84 d:-;
in:543 out:540 type:P q:10.00 itex:10518 ptex:62637 mv:12698 misc:283 imb:41 pmb:197 smb:62 d:-;
in:541 out:541 type:B q:11.00 itex:989 ptex:66414 mv:9846 misc:263 imb:3 pmb:70 smb:76 d:-;
in:540 out:542 type:b q:12.00 itex:1788 ptex:58760 mv:9069 misc:263 imb:4 pmb:73 smb:90 d:-;
in:542 out:543 type:b q:12.00 itex:2032 ptex:58165 mv:8986 misc:241 imb:5 pmb:83 smb:79 d:-;
in:547 out:544 type:P q:10.00 itex:11761 ptex:59344 mv:11248 misc:287 imb:43 pmb:189 smb:68 d:-;
in:545 out:545 type:B q:11.00 itex:2094 ptex:65370 mv:9156 misc:260 imb:15 pmb:87 smb:74 d:-;
in:544 out:546 type:b q:12.00 itex:2 ptex:60629 mv:9050 misc:239 imb:1 pmb:93 smb:80 d:-;
in:546 out:547 type:b q:12.00 itex:1369 ptex:60299 mv:8907 misc:241 imb:14 pmb:73 smb:84 d:-;
in:551 out:548 type:P q:10.00 itex:18389 ptex:60159 mv:11591 misc:293 imb:43 pmb:174 smb:83 d:-;
in:549 out:549 type:B q:11.00 itex:1537 ptex:66556 mv:9134 misc:245 imb:3 pmb:72 smb:98 d:-;
in:548 out:550 type:b q:12.00 itex:1239 ptex:58539 mv:8550 misc:256 imb:2 pmb:69 smb:106 d:-;
in:550 out:551 type:b q:12.00 itex:1460 ptex:60009 mv:8930 misc:225 imb:3 pmb:78 smb:92 d:-;
in:555 out:552 type:P q:10.00 itex:16327 ptex:54456 mv:13602 misc:279 imb:55 pmb:194 smb:51 d:-;
in:553 out:553 type:B q:11.00 itex:5990 ptex:66983 mv:10207 misc:260 imb:22 pmb:87 smb:61 d:-;
in:552 out:554 type:b q:12.00 itex:833 ptex:58487 mv:9484 misc:260 imb:2 pmb:91 smb:71 d:-;
in:554 out:555 type:b q:12.00 itex:392 ptex:61699 mv:9188 misc:249 imb:3 pmb:110 smb:60 d:-;
in:557 out:556 type:P q:10.00 itex:15798 ptex:56499 mv:11801 misc:278 imb:44 pmb:179 smb:77 d:-;
in:556 out:557 type:b q:12.00 itex:1572 ptex:58696 mv:8313 misc:243 imb:14 pmb:96 smb:76 d:-;
in:561 out:558 type:P q:10.00 itex:15010 ptex:65930 mv:11973 misc:271 imb:36 pmb:200 smb:64 d:-;
in:559 out:559 type:B q:11.00 itex:529 ptex:72434 mv:9321 misc:228 imb:4 pmb:86 smb:84 d:-;
in:558 out:560 type:b q:12.00 itex:4 ptex:61057 mv:9211 misc:248 imb:1 pmb:69 smb:99 d:-;
in:560 out:561 type:b q:12.00 itex:2992 ptex:62800 mv:9264 misc:232 imb:9 pmb:97 smb:78 d:-;
in:563 out:562 type:P q:10.00 itex:23741 ptex:51845 mv:12380 misc:282 imb:70 pmb:185 smb:45 d:-;
in:562 out:563 type:b q:12.00 itex:1752 ptex:66681 mv:9697 misc:262 imb:10 pmb:93 smb:67 d:-;
in:565 out:564 type:P q:10.00 itex:14707 ptex:61729 mv:14086 misc:262 imb:45 pmb:204 smb:51 d:-;
in:564 out:565 type:b q:12.00 itex:1240 ptex:64809 mv:9261 misc:250 imb:3 pmb:86 smb:83 d:-;
in:567 out:566 type:P q:10.00 itex:80292 ptex:28721 mv:11277 misc:278 imb:124 pmb:122 smb:54 d:-;
in:566 out:567 type:b q:12.00 itex:4778 ptex:69021 mv:9497 misc:256 imb:22 pmb:94 smb:58 d:-;
in:568 out:568 type:P q:10.00 itex:78847 ptex:35828 mv:12596 misc:233 imb:140 pmb:131 smb:29 d:-;
in:569 out:569 type:P q:10.00 itex:80440 ptex:36103 mv:12208 misc:217 imb:131 pmb:149 smb:20 d:-;
in:570 out:570 type:P q:10.00 itex:73351 ptex:43395 mv:14216 misc:174 imb:129 pmb:161 smb:10 d:-;
in:571 out:571 type:P q:10.00 itex:83398 ptex:35989 mv:13075 misc:202 imb:145 pmb:143 smb:12 d:-;
in:572 out:572 type:P q:10.00 itex:80247 ptex:45389 mv:13564 misc:192 imb:140 pmb:149 smb:11 d:-;
in:573 out:573 type:P q:10.00 itex:89168 ptex:38861 mv:12952 misc:187 imb:150 pmb:140 smb:10 d:-;
in:574 out:574 type:P q:10.00 itex:90473 ptex:46225 mv:14547 misc:179 imb:148 pmb:139 smb:13 d:-;
in:575 out:575 type:P q:10.00 itex:92259 ptex:43204 mv:14541 misc:132 imb:149 pmb:150 smb:1 d:-;
in:576 out:576 type:P q:10.00 itex:92639 ptex:43177 mv:15736 misc:152 imb:152 pmb:146 smb:2 d:-;
in:577 out:577 type:P q:10.00 itex:97622 ptex:45856 mv:14752 misc:154 imb:158 pmb:140 smb:2 d:-;
in:578 out:578 type:P q:10.00 itex:98239 ptex:46191 mv:16421 misc:149 imb:152 pmb:146 smb:2 d:-;
in:579 out:579 type:P q:10.00 itex:105430 ptex:43131 mv:15373 misc:146 imb:158 pmb:142 smb:0 d:-;
in:580 out:580 type:P q:10.00 itex:116224 ptex:37678 mv:15035 misc:143 imb:176 pmb:123 smb:1 d:-;
in:581 out:581 type:P q:10.00 itex:113966 ptex:41422 mv:14131 misc:153 imb:167 pmb:131 smb:2 d:-;
in:582 out:582 type:P q:10.00 itex:113682 ptex:42340 mv:15314 misc:152 imb:162 pmb:137 smb:1 d:-;
in:583 out:583 type:P q:10.00 itex:118166 ptex:46431 mv:16958 misc:149 imb:169 pmb:130 smb:1 d:-;
in:584 out:584 type:P q:10.00 itex:117015 ptex:46858 mv:16345 misc:142 imb:167 pmb:133 smb:0 d:-;
in:585 out:585 type:P q:10.00 itex:124685 ptex:47533 mv:16134 misc:136 imb:182 pmb:118 smb:0 d:-;
in:586 out:586 type:P q:10.00 itex:127642 ptex:45583 mv:16065 misc:142 imb:177 pmb:123 smb:0 d:-;
in:587 out:587 type:P q:10.00 itex:128079 ptex:41736 mv:15340 misc:149 imb:179 pmb:121 smb:0 d:-;
in:588 out:588 type:P q:10.00 itex:125022 ptex:45386 mv:16345 misc:143 imb:170 pmb:130 smb:0 d:-;
in:589 out:589 type:P q:10.00 itex:138303 ptex:40609 mv:15766 misc:146 imb:187 pmb:112 smb:1 d:-;
in:590 out:590 type:P q:10.00 itex:126463 ptex:50395 mv:16732 misc:154 imb:169 pmb:131 smb:0 d:-;
in:591 out:591 type:P q:10.00 itex:131124 ptex:49044 mv:15147 misc:149 imb:169 pmb:131 smb:0 d:-;
in:592 out:592 type:P q:10.00 itex:137642 ptex:47329 mv:16034 misc:155 imb:187 pmb:113 smb:0 d:-;
in:593 out:593 type:P q:10.00 itex:137380 ptex:43607 mv:15294 misc:143 imb:187 pmb:113 smb:0 d:-;
in:594 out:594 type:P q:10.00 itex:135710 ptex:45907 mv:16645 misc:170 imb:174 pmb:124 smb:2 d:-;
in:595 out:595 type:P q:10.00 itex:137650 ptex:50186 mv:16033 misc:155 imb:176 pmb:124 smb:0 d:-;
in:596 out:596 type:P q:10.00 itex:141805 ptex:48561 mv:15406 misc:148 imb:186 pmb:114 smb:0 d:-;
in:597 out:597 type:P q:10.00 itex:142964 ptex:52574 mv:15663 misc:135 imb:184 pmb:116 smb:0 d:-;
in:598 out:598 type:P q:10.00 itex:138342 ptex:55732 mv:17958 misc:144 imb:177 pmb:123 smb:0 d:-;
in:599 out:599 type:P q:10.00 itex:139589 ptex:53432 mv:16764 misc:143 imb:179 pmb:121 smb:0 d:-;
in:600 out:600 type:P q:10.00 itex:140786 ptex:55010 mv:17280 misc:148 imb:174 pmb:126 smb:0 d:-;
in:601 out:601 type:P q:10.00 itex:139829 ptex:59225 mv:16267 misc:151 imb:176 pmb:124 smb:0 d:-;
in:602 out:602 type:P q:10.00 itex:142473 ptex:59219 mv:17656 misc:140 imb:173 pmb:127 smb:0 d:-;
in:603 out:603 type:P q:10.00 itex:139286 ptex:60930 mv:16617 misc:143 imb:173 pmb:127 smb:0 d:-;
in:604 out:604 type:P q:10.00 itex:138866 ptex:65266 mv:15979 misc:145 imb:172 pmb:128 smb:0 d:-;
in:605 out:605 type:P q:10.00 itex:151328 ptex:51956 mv:15281 misc:139 imb:182 pmb:118 smb:0 d:-;
in:606 out:606 type:P q:10.00 itex:151312 ptex:57532 mv:15534 misc:150 imb:182 pmb:118 smb:0 d:-;
in:607 out:607 type:P q:10.00 itex:151889 ptex:57287 mv:15229 misc:155 imb:183 pmb:117 smb:0 d:-;
in:608 out:608 type:P q:10.00 itex:151793 ptex:59073 mv:15735 misc:151 imb:182 pmb:118 smb:0 d:-;
in:609 out:609 type:P q:10.00 itex:153899 ptex:55249 mv:14686 misc:134 imb:184 pmb:116 smb:0 d:-;
in:611 out:610 type:P q:10.00 itex:145352 ptex:65781 mv:16613 misc:150 imb:173 pmb:127 smb:0 d:-;
in:610 out:611 type:b q:12.00 itex:23196 ptex:157506 mv:20475 misc:151 imb:34 pmb:63 smb:0 d:-;
in:612 out:612 type:P q:10.00 itex:158538 ptex:55764 mv:15121 misc:153 imb:189 pmb:111 smb:0 d:-;
in:614 out:613 type:P q:10.00 itex:159323 ptex:53826 mv:17208 misc:147 imb:196 pmb:104 smb:0 d:-;
in:613 out:614 type:b q:12.00 itex:26188 ptex:155390 mv:20193 misc:141 imb:36 pmb:66 smb:0 d:-;
in:615 out:615 type:P q:10.00 itex:159560 ptex:52104 mv:15506 misc:158 imb:189 pmb:111 smb:0 d:-;
in:616 out:616 type:P q:10.00 itex:154699 ptex:60860 mv:17117 misc:148 imb:185 pmb:115 smb:0 d:-;
in:617 out:617 type:P q:10.00 itex:160436 ptex:58461 mv:14394 misc:141 imb:193 pmb:107 smb:0 d:-;
in:618 out:618 type:P q:10.00 itex:162802 ptex:53976 mv:14668 misc:146 imb:195 pmb:105 smb:0 d:-;
in:620 out:619 type:P q:10.00 itex:157335 ptex:57885 mv:15515 misc:145 imb:189 pmb:111 smb:0 d:-;
in:619 out:620 type:b q:12.00 itex:18574 ptex:164282 mv:20540 misc:148 imb:30 pmb:47 smb:0 d:-;
in:621 out:621 type:P q:10.00 itex:155957 ptex:68868 mv:14835 misc:148 imb:181 pmb:119 smb:0 d:-;
in:622 out:622 type:P q:10.00 itex:151272 ptex:69701 mv:15601 misc:138 imb:175 pmb:125 smb:0 d:-;
in:623 out:623 type:P q:10.00 itex:162469 ptex:62466 mv:14792 misc:145 imb:195 pmb:105 smb:0 d:-;
in:624 out:624 type:P q:10.00 itex:154056 ptex:66792 mv:15321 misc:151 imb:179 pmb:121 smb:0 d:-;
in:626 out:625 type:P q:10.00 itex:156491 ptex:71539 mv:15350 misc:148 imb:186 pmb:114 smb:0 d:-;
in:625 out:626 type:b q:12.00 itex:14803 ptex:175442 mv:21415 misc:156 imb:20 pmb:71 smb:0 d:-;
in:627 out:627 type:P q:10.00 itex:157452 ptex:70583 mv:15617 misc:140 imb:182 pmb:118 smb:0 d:-;
in:628 out:628 type:P q:10.00 itex:164228 ptex:67724 mv:15705 misc:151 imb:192 pmb:108 smb:0 d:-;
in:629 out:629 type:P q:10.00 itex:161811 ptex:64584 mv:16814 misc:151 imb:185 pmb:115 smb:0 d:-;
in:630 out:630 type:P q:10.00 itex:154082 ptex:74151 mv:14908 misc:155 imb:181 pmb:119 smb:0 d:-;
in:632 out:631 type:P q:10.00 itex:161213 ptex:67897 mv:14080 misc:154 imb:189 pmb:111 smb:0 d:-;
in:631 out:632 type:b q:12.00 itex:13212 ptex:182461 mv:21291 misc:148 imb:16 pmb:66 smb:0 d:-;
in:634 out:633 type:P q:10.00 itex:172254 ptex:63465 mv:14167 misc:146 imb:202 pmb:98 smb:0 d:-;
in:633 out:634 type:b q:12.00 itex:22880 ptex:173765 mv:20959 misc:140 imb:32 pmb:59 smb:0 d:-;
in:635 out:635 type:P q:10.00 itex:169787 ptex:58902 mv:16092 misc:147 imb:193 pmb:107 smb:0 d:-;
